<?xml version="1.0" encoding="UTF-8"?>
<testng-results ignored="0" total="1" passed="1" failed="0" skipped="0">
  <reporter-output>
  </reporter-output>
  <suite started-at="2021-11-24T08:51:24 IST" name="Default suite" finished-at="2021-11-24T08:51:24 IST" duration-ms="87">
    <groups>
    </groups>
    <test started-at="2021-11-24T08:51:24 IST" name="Default test" finished-at="2021-11-24T08:51:24 IST" duration-ms="87">
      <class name="testCases.Log4jDemo">
        <test-method signature="test()[pri:0, instance:testCases.Log4jDemo@30bcf3c1]" started-at="2021-11-24T08:51:24 IST" name="test" finished-at="2021-11-24T08:51:24 IST" duration-ms="27" status="PASS">
          <reporter-output>
          </reporter-output>
        </test-method> <!-- test -->
      </class> <!-- testCases.Log4jDemo -->
    </test> <!-- Default test -->
  </suite> <!-- Default suite -->
</testng-results>
